<?xml version="1.0" encoding="UTF-8" standalone="no"?>
<!DOCTYPE log SYSTEM "logger.dtd">
<log>
<record>
  <date>2022-12-04T11:27:33.273004600Z</date>
  <millis>1670153253273</millis>
  <nanos>4600</nanos>
  <sequence>0</sequence>
  <logger>lesson13.HW13</logger>
  <level>INFO</level>
  <class>lesson13.HW13</class>
  <method>main</method>
  <thread>1</thread>
  <message>Objects created</message>
</record>
<record>
  <date>2022-12-04T11:27:33.339007800Z</date>
  <millis>1670153253339</millis>
  <nanos>7800</nanos>
  <sequence>1</sequence>
  <logger>lesson13.HW13</logger>
  <level>WARNING</level>
  <class>lesson13.HW13</class>
  <method>main</method>
  <thread>1</thread>
  <message>All threads started</message>
</record>
</log>
